Thu May  4 10:52:39 PDT 2023
Job ID: 326686

Preprocessing ENCODE4 data object: /cellar/users/aklie/data/igvf/topic_grn_links/mouse_adrenal/preprocess/snrna/filtered.h5ad
Saving preprocessed data in /cellar/users/aklie/data/igvf/topic_grn_links/mouse_adrenal/preprocess/snrna

Running:
 python create_encode4_loom.py     /cellar/users/aklie/data/igvf/topic_grn_links/mouse_adrenal/preprocess/snrna/filtered.h5ad     /cellar/users/aklie/data/igvf/topic_grn_links/mouse_adrenal/preprocess/snrna

Reading...
Prelim filters...
Calculate metrics...
Saving as loom...
Prelim filters...
Calculate metrics...
Saving as loom...
Saving as loom...
Saving as loom...
Saving as loom...
Saving as loom...
Saving as loom...
Saving as loom...
Saving as loom...
Saving as loom...
Saving as loom...
Saving as loom...
Saving as loom...
Saving as loom...
Saving as loom...
Saving as loom...
Saving as loom...
Saving as loom...
Saving as loom...
Saving as loom...
Saving as loom...
Thu May  4 11:18:57 PDT 2023
